<?xml version="1.0" encoding="UTF-8"?>
<testng-results ignored="0" total="1" passed="1" failed="0" skipped="0">
  <reporter-output>
  </reporter-output>
  <suite started-at="2022-09-19T14:38:48 IST" name="Default suite" finished-at="2022-09-19T14:40:09 IST" duration-ms="80127">
    <groups>
    </groups>
    <test started-at="2022-09-19T14:38:48 IST" name="Default test" finished-at="2022-09-19T14:40:09 IST" duration-ms="80127">
      <class name="pom.UnifiedTaraTests.practice">
        <test-method signature="Login_readOTP()[pri:0, instance:pom.UnifiedTaraTests.practice@68c72235]" started-at="2022-09-19T14:38:49 IST" name="Login_readOTP" finished-at="2022-09-19T14:40:08 IST" duration-ms="79724" status="PASS">
          <reporter-output>
          </reporter-output>
        </test-method> <!-- Login_readOTP -->
        <test-method is-config="true" signature="quit()[pri:0, instance:pom.UnifiedTaraTests.practice@68c72235]" started-at="2022-09-19T14:40:08 IST" name="quit" finished-at="2022-09-19T14:40:09 IST" duration-ms="312" status="PASS">
          <reporter-output>
          </reporter-output>
        </test-method> <!-- quit -->
      </class> <!-- pom.UnifiedTaraTests.practice -->
    </test> <!-- Default test -->
  </suite> <!-- Default suite -->
</testng-results>
